<?xml version="1.0" encoding="UTF-8"?>
<!-- Generated by org.testng.reporters.JUnitReportReporter -->
<testsuite hostname="PK-PC" failures="0" tests="1" name="mavenTestWithJenkins.projectOneUsingMavenGitAndJenkins.TestNgLoginValidation" time="0.543" errors="0" timestamp="2023-09-28T16:18:19 EDT" skipped="0">
  <testcase classname="mavenTestWithJenkins.projectOneUsingMavenGitAndJenkins.TestNgLoginValidation" name="VerifyIfUserIsAbleToLoginWithValidUsernameButBlankPassword" time="0.543">
    <system-out>
      <![CDATA[
Home login button clicked and login page get open
user name input
password input
click button clicked]]>
    </system-out>
  </testcase> <!-- VerifyIfUserIsAbleToLoginWithValidUsernameButBlankPassword -->
  <system-out>
    <![CDATA[Browser Init and navigate to http://eaapp.somee.com/Account/Login

Home login button clicked and login page get open
user name input
password input
click button clicked
http://eaapp.somee.com/Account/Register]]>
  </system-out>
</testsuite> <!-- mavenTestWithJenkins.projectOneUsingMavenGitAndJenkins.TestNgLoginValidation -->
